{
  "RSpec": {
    "coverage": {
      "/Users/Kriss/Desktop/Ruby/projects/bookmark_manager/spec/bookmark_spec.rb": [
        null,
        null,
        1,
        1,
        null,
        1,
        1,
        1,
        null,
        1,
        1,
        1,
        null,
        1,
        null,
        1,
        1,
        1,
        1,
        null,
        null,
        null
      ],
      "/Users/Kriss/Desktop/Ruby/projects/bookmark_manager/spec/feature/add_bookmark_spec.rb": [
        null,
        1,
        1,
        1,
        1,
        1,
        1,
        1,
        1,
        null,
        null
      ],
      "/Users/Kriss/Desktop/Ruby/projects/bookmark_manager/spec/feature/bookmark_view_spec.rb": [
        1,
        null,
        1,
        null,
        1,
        1,
        1,
        1,
        1,
        null,
        null
      ],
      "/Users/Kriss/Desktop/Ruby/projects/bookmark_manager/spec/database_helper.rb": [
        null,
        1,
        1,
        1,
        1,
        1,
        1,
        null
      ],
      "/Users/Kriss/Desktop/Ruby/projects/bookmark_manager/spec/feature/delete_bookmark_spec.rb": [
        null,
        null,
        null,
        1,
        1,
        1,
        1,
        1,
        1,
        1,
        1,
        1,
        null,
        null
      ],
      "/Users/Kriss/Desktop/Ruby/projects/bookmark_manager/spec/feature/index_spec.rb": [
        null,
        null,
        1,
        1,
        1,
        1,
        null,
        null
      ]
    },
    "timestamp": 1565886345
  }
}
